<?xml version="1.0" encoding="UTF-8"?>
<testng-results skipped="0" failed="0" ignored="0" total="1" passed="1">
  <reporter-output>
  </reporter-output>
  <suite name="Default suite" duration-ms="16241" started-at="2022-12-22T10:22:18 IST" finished-at="2022-12-22T10:22:34 IST">
    <groups>
    </groups>
    <test name="Default test" duration-ms="16241" started-at="2022-12-22T10:22:18 IST" finished-at="2022-12-22T10:22:34 IST">
      <class name="tests.Test7">
        <test-method status="PASS" signature="m1()[pri:0, instance:tests.Test7@4493d195]" name="m1" duration-ms="16177" started-at="2022-12-22T10:22:18 IST" finished-at="2022-12-22T10:22:34 IST">
          <reporter-output>
          </reporter-output>
        </test-method> <!-- m1 -->
      </class> <!-- tests.Test7 -->
    </test> <!-- Default test -->
  </suite> <!-- Default suite -->
</testng-results>
