<?xml version="1.0" encoding="UTF-8"?>
<testng-results skipped="0" failed="0" ignored="0" total="1" passed="1">
  <reporter-output>
  </reporter-output>
  <suite name="Default suite" duration-ms="42190" started-at="2022-12-22T09:43:46 IST" finished-at="2022-12-22T09:44:28 IST">
    <groups>
    </groups>
    <test name="Default test" duration-ms="42190" started-at="2022-12-22T09:43:46 IST" finished-at="2022-12-22T09:44:28 IST">
      <class name="tests.Test1">
        <test-method status="PASS" signature="m1()[pri:0, instance:tests.Test1@4493d195]" name="m1" duration-ms="42080" started-at="2022-12-22T09:43:46 IST" finished-at="2022-12-22T09:44:28 IST">
          <reporter-output>
          </reporter-output>
        </test-method> <!-- m1 -->
      </class> <!-- tests.Test1 -->
    </test> <!-- Default test -->
  </suite> <!-- Default suite -->
</testng-results>
